c:\users\nplus\documents\visual studio 2015\projects\mainwork\ballproject\debug\vc140.pdb
c:\users\nplus\documents\visual studio 2015\projects\mainwork\ballproject\debug\vc140.idb
c:\users\nplus\documents\visual studio 2015\projects\mainwork\ballproject\debug\camera.obj
c:\users\nplus\documents\visual studio 2015\projects\mainwork\ballproject\debug\glslprogram.obj
c:\users\nplus\documents\visual studio 2015\projects\mainwork\ballproject\debug\iomanager.obj
c:\users\nplus\documents\visual studio 2015\projects\mainwork\ballproject\debug\sprite.obj
c:\users\nplus\documents\visual studio 2015\projects\mainwork\ballproject\debug\vertex.obj
c:\users\nplus\documents\visual studio 2015\projects\mainwork\ballproject\debug\window.obj
c:\users\nplus\documents\visual studio 2015\projects\mainwork\ballproject\debug\loader.obj
c:\users\nplus\documents\visual studio 2015\projects\mainwork\ballproject\debug\mainclass.obj
c:\users\nplus\documents\visual studio 2015\projects\mainwork\ballproject\debug\math.obj
c:\users\nplus\documents\visual studio 2015\projects\mainwork\ballproject\debug\mat.obj
c:\users\nplus\documents\visual studio 2015\projects\mainwork\ballproject\debug\mat2.obj
c:\users\nplus\documents\visual studio 2015\projects\mainwork\ballproject\debug\mat3.obj
c:\users\nplus\documents\visual studio 2015\projects\mainwork\ballproject\debug\mat4.obj
c:\users\nplus\documents\visual studio 2015\projects\mainwork\ballproject\debug\vec.obj
c:\users\nplus\documents\visual studio 2015\projects\mainwork\ballproject\debug\vec2.obj
c:\users\nplus\documents\visual studio 2015\projects\mainwork\ballproject\debug\vec3.obj
c:\users\nplus\documents\visual studio 2015\projects\mainwork\ballproject\debug\transform.obj
c:\users\nplus\documents\visual studio 2015\projects\mainwork\ballproject\debug\rawmodel.obj
c:\users\nplus\documents\visual studio 2015\projects\mainwork\ballproject\debug\error.obj
c:\users\nplus\documents\visual studio 2015\projects\mainwork\debug\ballproject.pdb
c:\users\nplus\documents\visual studio 2015\projects\mainwork\ballproject\debug\ballproject.tlog\cl.command.1.tlog
c:\users\nplus\documents\visual studio 2015\projects\mainwork\ballproject\debug\ballproject.tlog\cl.read.1.tlog
c:\users\nplus\documents\visual studio 2015\projects\mainwork\ballproject\debug\ballproject.tlog\cl.write.1.tlog
c:\users\nplus\documents\visual studio 2015\projects\mainwork\ballproject\debug\ballproject.tlog\link-cvtres.read.1.tlog
c:\users\nplus\documents\visual studio 2015\projects\mainwork\ballproject\debug\ballproject.tlog\link-cvtres.write.1.tlog
c:\users\nplus\documents\visual studio 2015\projects\mainwork\ballproject\debug\ballproject.tlog\link-rc.read.1.tlog
c:\users\nplus\documents\visual studio 2015\projects\mainwork\ballproject\debug\ballproject.tlog\link-rc.write.1.tlog
c:\users\nplus\documents\visual studio 2015\projects\mainwork\ballproject\debug\ballproject.tlog\link.command.1.tlog
c:\users\nplus\documents\visual studio 2015\projects\mainwork\ballproject\debug\ballproject.tlog\link.read.1.tlog
c:\users\nplus\documents\visual studio 2015\projects\mainwork\ballproject\debug\ballproject.tlog\link.write.1.tlog
